<?xml version="1.0" encoding="UTF-8"?>
<robot generator="Robot 6.1.1 (Python 3.12.0 on darwin)" generated="20231129 22:04:13.345" rpa="false" schemaversion="4">
<suite id="s1" name="Preenchimento Incorreto" source="/Users/pedrotomasini/Desktop/curso-robot/testes/preenchimento_incorreto.robot">
<test id="s1-t1" name="Verificar se quando o campo obrigatório não foi preenchido corretamente o sistema exiba uma mensagem de campo obrigatório" line="10">
<kw name=" Dado que acesse o Organo" library="setup_teardown" type="SETUP">
<kw name="Open Browser" library="SeleniumLibrary">
<arg>url=http://localhost:3000</arg>
<arg>browser=Chrome</arg>
<doc>Opens a new browser instance to the optional ``url``.</doc>
<msg timestamp="20231129 22:04:13.574" level="INFO">Opening browser 'Chrome' to base url 'http://localhost:3000'.</msg>
<status status="PASS" starttime="20231129 22:04:13.574" endtime="20231129 22:04:15.066"/>
</kw>
<status status="PASS" starttime="20231129 22:04:13.574" endtime="20231129 22:04:15.066"/>
</kw>
<kw name="Dado que clique no botão criar card" library="cadastro">
<kw name="Click Element" library="SeleniumLibrary">
<arg>${CAMPO_CARD}</arg>
<doc>Click the element identified by ``locator``.</doc>
<msg timestamp="20231129 22:04:15.067" level="INFO">Clicking element 'id:form-botao'.</msg>
<status status="PASS" starttime="20231129 22:04:15.067" endtime="20231129 22:04:15.099"/>
</kw>
<status status="PASS" starttime="20231129 22:04:15.066" endtime="20231129 22:04:15.099"/>
</kw>
<kw name="Então sistema deve apresentar mensagem de campo obridatório" library="cadastro">
<kw name="Element Should Be Visible" library="SeleniumLibrary">
<arg>id:form-nome-erro</arg>
<doc>Verifies that the element identified by ``locator`` is visible.</doc>
<msg timestamp="20231129 22:04:15.113" level="INFO">Element 'id:form-nome-erro' is displayed.</msg>
<status status="PASS" starttime="20231129 22:04:15.100" endtime="20231129 22:04:15.113"/>
</kw>
<kw name="Element Should Be Visible" library="SeleniumLibrary">
<arg>id:form-cargo-erro</arg>
<doc>Verifies that the element identified by ``locator`` is visible.</doc>
<msg timestamp="20231129 22:04:15.129" level="INFO">Element 'id:form-cargo-erro' is displayed.</msg>
<status status="PASS" starttime="20231129 22:04:15.114" endtime="20231129 22:04:15.129"/>
</kw>
<kw name="Element Should Be Visible" library="SeleniumLibrary">
<arg>id:form-times-erro</arg>
<doc>Verifies that the element identified by ``locator`` is visible.</doc>
<msg timestamp="20231129 22:04:15.141" level="INFO">Element 'id:form-times-erro' is displayed.</msg>
<status status="PASS" starttime="20231129 22:04:15.129" endtime="20231129 22:04:15.141"/>
</kw>
<status status="PASS" starttime="20231129 22:04:15.099" endtime="20231129 22:04:15.141"/>
</kw>
<status status="PASS" starttime="20231129 22:04:13.573" endtime="20231129 22:04:15.141"/>
</test>
<kw name="Fechar o navegador" library="setup_teardown" type="TEARDOWN">
<kw name="Close Browser" library="SeleniumLibrary">
<doc>Closes the current browser.</doc>
<status status="PASS" starttime="20231129 22:04:15.142" endtime="20231129 22:04:15.212"/>
</kw>
<status status="PASS" starttime="20231129 22:04:15.142" endtime="20231129 22:04:15.212"/>
</kw>
<status status="PASS" starttime="20231129 22:04:13.347" endtime="20231129 22:04:15.212"/>
</suite>
<statistics>
<total>
<stat pass="1" fail="0" skip="0">All Tests</stat>
</total>
<tag>
</tag>
<suite>
<stat pass="1" fail="0" skip="0" id="s1" name="Preenchimento Incorreto">Preenchimento Incorreto</stat>
</suite>
</statistics>
<errors>
</errors>
</robot>
